c:\users\jordan\source\repos\mediaplayerapp\x64\debug\vc143.pdb
c:\users\jordan\source\repos\mediaplayerapp\x64\debug\.netframework,version=v4.7.2.assemblyattributes.obj
c:\users\jordan\source\repos\mediaplayerapp\x64\debug\media.obj
c:\users\jordan\source\repos\mediaplayerapp\x64\debug\mainform.obj
c:\users\jordan\source\repos\mediaplayerapp\x64\debug\categoryform.obj
c:\users\jordan\source\repos\mediaplayerapp\x64\debug\category.obj
c:\users\jordan\source\repos\mediaplayerapp\x64\debug\categoriesform.obj
c:\users\jordan\source\repos\mediaplayerapp\x64\debug\addcategoryform.obj
c:\users\jordan\source\repos\mediaplayerapp\x64\debug\mediaplayerapp.exe
c:\users\jordan\source\repos\mediaplayerapp\x64\debug\mediaplayerapp.pdb
c:\users\jordan\source\repos\mediaplayerapp\x64\debug\mediaplayerapp.res
c:\users\jordan\source\repos\mediaplayerapp\x64\debug\mediaplayerapp.exe.metagen
c:\users\jordan\source\repos\mediaplayerapp\x64\debug\mediaplayerapp.tlog\cl.command.1.tlog
c:\users\jordan\source\repos\mediaplayerapp\x64\debug\mediaplayerapp.tlog\cl.read.1.tlog
c:\users\jordan\source\repos\mediaplayerapp\x64\debug\mediaplayerapp.tlog\cl.write.1.tlog
c:\users\jordan\source\repos\mediaplayerapp\x64\debug\mediaplayerapp.tlog\link.command.1.tlog
c:\users\jordan\source\repos\mediaplayerapp\x64\debug\mediaplayerapp.tlog\link.read.1.tlog
c:\users\jordan\source\repos\mediaplayerapp\x64\debug\mediaplayerapp.tlog\link.write.1.tlog
c:\users\jordan\source\repos\mediaplayerapp\x64\debug\mediaplayerapp.tlog\metagen.read.1.tlog
c:\users\jordan\source\repos\mediaplayerapp\x64\debug\mediaplayerapp.tlog\metagen.write.1.tlog
c:\users\jordan\source\repos\mediaplayerapp\x64\debug\mediaplayerapp.tlog\rc.command.1.tlog
c:\users\jordan\source\repos\mediaplayerapp\x64\debug\mediaplayerapp.tlog\rc.read.1.tlog
c:\users\jordan\source\repos\mediaplayerapp\x64\debug\mediaplayerapp.tlog\rc.write.1.tlog
c:\users\jordan\source\repos\mediaplayerapp\x64\debug\mediaplayerapp.tlog\resgen.command.1.tlog
c:\users\jordan\source\repos\mediaplayerapp\x64\debug\mediaplayerapp.tlog\resgen.read.1.tlog
c:\users\jordan\source\repos\mediaplayerapp\x64\debug\mediaplayerapp.tlog\resgen.write.1.tlog
